{"C:\\Users\\Xiao Huoguo\\WebstormProjects\\bloglist-frontend\\src\\App.js": {"path":"C:\\Users\\Xiao Huoguo\\WebstormProjects\\bloglist-frontend\\src\\App.js","statementMap":{"0":{"start":{"line":8,"column":12},"end":{"line":65,"column":1}},"1":{"start":{"line":9,"column":28},"end":{"line":9,"column":40}},"2":{"start":{"line":10,"column":26},"end":{"line":10,"column":71}},"3":{"start":{"line":11,"column":34},"end":{"line":11,"column":83}},"4":{"start":{"line":13,"column":2},"end":{"line":18,"column":12}},"5":{"start":{"line":14,"column":4},"end":{"line":16,"column":5}},"6":{"start":{"line":15,"column":6},"end":{"line":15,"column":23}},"7":{"start":{"line":17,"column":4},"end":{"line":17,"column":30}},"8":{"start":{"line":20,"column":24},"end":{"line":24,"column":3}},"9":{"start":{"line":21,"column":6},"end":{"line":21,"column":50}},"10":{"start":{"line":22,"column":6},"end":{"line":22,"column":19}},"11":{"start":{"line":23,"column":6},"end":{"line":23,"column":23}},"12":{"start":{"line":28,"column":22},"end":{"line":35,"column":3}},"13":{"start":{"line":29,"column":4},"end":{"line":34,"column":5}},"14":{"start":{"line":37,"column":24},"end":{"line":39,"column":5}},"15":{"start":{"line":38,"column":8},"end":{"line":38,"column":36}},"16":{"start":{"line":41,"column":19},"end":{"line":52,"column":3}},"17":{"start":{"line":42,"column":4},"end":{"line":51,"column":5}},"18":{"start":{"line":47,"column":29},"end":{"line":47,"column":46}},"19":{"start":{"line":48,"column":27},"end":{"line":48,"column":82}},"20":{"start":{"line":54,"column":2},"end":{"line":64,"column":3}}},"fnMap":{"0":{"name":"(anonymous_0)","decl":{"start":{"line":8,"column":12},"end":{"line":8,"column":13}},"loc":{"start":{"line":8,"column":18},"end":{"line":65,"column":1}},"line":8},"1":{"name":"(anonymous_1)","decl":{"start":{"line":13,"column":12},"end":{"line":13,"column":13}},"loc":{"start":{"line":13,"column":18},"end":{"line":18,"column":3}},"line":13},"2":{"name":"(anonymous_2)","decl":{"start":{"line":14,"column":30},"end":{"line":14,"column":31}},"loc":{"start":{"line":15,"column":6},"end":{"line":15,"column":23}},"line":15},"3":{"name":"(anonymous_3)","decl":{"start":{"line":20,"column":24},"end":{"line":20,"column":25}},"loc":{"start":{"line":20,"column":30},"end":{"line":24,"column":3}},"line":20},"4":{"name":"(anonymous_4)","decl":{"start":{"line":28,"column":22},"end":{"line":28,"column":23}},"loc":{"start":{"line":28,"column":28},"end":{"line":35,"column":3}},"line":28},"5":{"name":"(anonymous_5)","decl":{"start":{"line":37,"column":24},"end":{"line":37,"column":25}},"loc":{"start":{"line":37,"column":38},"end":{"line":39,"column":5}},"line":37},"6":{"name":"(anonymous_6)","decl":{"start":{"line":41,"column":19},"end":{"line":41,"column":20}},"loc":{"start":{"line":41,"column":25},"end":{"line":52,"column":3}},"line":41},"7":{"name":"(anonymous_7)","decl":{"start":{"line":47,"column":20},"end":{"line":47,"column":21}},"loc":{"start":{"line":47,"column":29},"end":{"line":47,"column":46}},"line":47},"8":{"name":"(anonymous_8)","decl":{"start":{"line":48,"column":19},"end":{"line":48,"column":20}},"loc":{"start":{"line":48,"column":27},"end":{"line":48,"column":82}},"line":48}},"branchMap":{"0":{"loc":{"start":{"line":45,"column":11},"end":{"line":45,"column":42}},"type":"cond-expr","locations":[{"start":{"line":45,"column":22},"end":{"line":45,"column":35}},{"start":{"line":45,"column":38},"end":{"line":45,"column":42}}],"line":45},"1":{"loc":{"start":{"line":56,"column":7},"end":{"line":56,"column":80}},"type":"cond-expr","locations":[{"start":{"line":56,"column":14},"end":{"line":56,"column":18}},{"start":{"line":56,"column":21},"end":{"line":56,"column":80}}],"line":56},"2":{"loc":{"start":{"line":57,"column":7},"end":{"line":57,"column":31}},"type":"cond-expr","locations":[{"start":{"line":57,"column":14},"end":{"line":57,"column":24}},{"start":{"line":57,"column":27},"end":{"line":57,"column":31}}],"line":57},"3":{"loc":{"start":{"line":58,"column":7},"end":{"line":62,"column":16}},"type":"cond-expr","locations":[{"start":{"line":59,"column":12},"end":{"line":61,"column":25}},{"start":{"line":62,"column":12},"end":{"line":62,"column":16}}],"line":58}},"s":{"0":0,"1":0,"2":0,"3":0,"4":0,"5":0,"6":0,"7":0,"8":0,"9":0,"10":0,"11":0,"12":0,"13":0,"14":0,"15":0,"16":0,"17":0,"18":0,"19":0,"20":0},"f":{"0":0,"1":0,"2":0,"3":0,"4":0,"5":0,"6":0,"7":0,"8":0},"b":{"0":[0,0],"1":[0,0],"2":[0,0],"3":[0,0]}}
,"C:\\Users\\Xiao Huoguo\\WebstormProjects\\bloglist-frontend\\src\\index.js": {"path":"C:\\Users\\Xiao Huoguo\\WebstormProjects\\bloglist-frontend\\src\\index.js","statementMap":{"0":{"start":{"line":5,"column":0},"end":{"line":5,"column":68}}},"fnMap":{},"branchMap":{},"s":{"0":0},"f":{},"b":{}}
,"C:\\Users\\Xiao Huoguo\\WebstormProjects\\bloglist-frontend\\src\\components\\Blog.js": {"path":"C:\\Users\\Xiao Huoguo\\WebstormProjects\\bloglist-frontend\\src\\components\\Blog.js","statementMap":{"0":{"start":{"line":4,"column":13},"end":{"line":27,"column":1}},"1":{"start":{"line":6,"column":26},"end":{"line":11,"column":5}},"2":{"start":{"line":7,"column":26},"end":{"line":7,"column":86}},"3":{"start":{"line":8,"column":8},"end":{"line":10,"column":9}},"4":{"start":{"line":9,"column":12},"end":{"line":9,"column":46}},"5":{"start":{"line":13,"column":4},"end":{"line":26,"column":5}},"6":{"start":{"line":20,"column":43},"end":{"line":20,"column":67}}},"fnMap":{"0":{"name":"(anonymous_0)","decl":{"start":{"line":4,"column":13},"end":{"line":4,"column":14}},"loc":{"start":{"line":4,"column":24},"end":{"line":27,"column":1}},"line":4},"1":{"name":"(anonymous_1)","decl":{"start":{"line":6,"column":26},"end":{"line":6,"column":27}},"loc":{"start":{"line":6,"column":32},"end":{"line":11,"column":5}},"line":6},"2":{"name":"(anonymous_2)","decl":{"start":{"line":20,"column":37},"end":{"line":20,"column":38}},"loc":{"start":{"line":20,"column":43},"end":{"line":20,"column":67}},"line":20}},"branchMap":{"0":{"loc":{"start":{"line":8,"column":8},"end":{"line":10,"column":9}},"type":"if","locations":[{"start":{"line":8,"column":8},"end":{"line":10,"column":9}},{"start":{},"end":{}}],"line":8}},"s":{"0":1,"1":1,"2":0,"3":0,"4":0,"5":1,"6":0},"f":{"0":1,"1":0,"2":0},"b":{"0":[0,0]},"_coverageSchema":"1a1c01bbd47fc00a2c39e90264f33305004495a9","hash":"abf4e77d4f734ab266b2f6cd87d53059e534d1e2"}
,"C:\\Users\\Xiao Huoguo\\WebstormProjects\\bloglist-frontend\\src\\components\\CreateBlogs.js": {"path":"C:\\Users\\Xiao Huoguo\\WebstormProjects\\bloglist-frontend\\src\\components\\CreateBlogs.js","statementMap":{"0":{"start":{"line":4,"column":20},"end":{"line":62,"column":1}},"1":{"start":{"line":5,"column":32},"end":{"line":5,"column":44}},"2":{"start":{"line":6,"column":44},"end":{"line":6,"column":59}},"3":{"start":{"line":8,"column":27},"end":{"line":12,"column":5}},"4":{"start":{"line":9,"column":8},"end":{"line":9,"column":30}},"5":{"start":{"line":10,"column":8},"end":{"line":11,"column":48}},"6":{"start":{"line":11,"column":26},"end":{"line":11,"column":47}},"7":{"start":{"line":14,"column":27},"end":{"line":19,"column":5}},"8":{"start":{"line":15,"column":21},"end":{"line":15,"column":38}},"9":{"start":{"line":16,"column":22},"end":{"line":16,"column":40}},"10":{"start":{"line":17,"column":8},"end":{"line":17,"column":57}},"11":{"start":{"line":17,"column":30},"end":{"line":17,"column":55}},"12":{"start":{"line":18,"column":8},"end":{"line":18,"column":21}},"13":{"start":{"line":21,"column":4},"end":{"line":29,"column":21}},"14":{"start":{"line":22,"column":26},"end":{"line":24,"column":16}},"15":{"start":{"line":23,"column":12},"end":{"line":23,"column":35}},"16":{"start":{"line":26,"column":8},"end":{"line":28,"column":10}},"17":{"start":{"line":27,"column":12},"end":{"line":27,"column":36}},"18":{"start":{"line":31,"column":4},"end":{"line":60,"column":5}}},"fnMap":{"0":{"name":"(anonymous_0)","decl":{"start":{"line":4,"column":20},"end":{"line":4,"column":21}},"loc":{"start":{"line":4,"column":31},"end":{"line":62,"column":1}},"line":4},"1":{"name":"(anonymous_1)","decl":{"start":{"line":8,"column":27},"end":{"line":8,"column":28}},"loc":{"start":{"line":8,"column":38},"end":{"line":12,"column":5}},"line":8},"2":{"name":"(anonymous_2)","decl":{"start":{"line":11,"column":19},"end":{"line":11,"column":20}},"loc":{"start":{"line":11,"column":26},"end":{"line":11,"column":47}},"line":11},"3":{"name":"(anonymous_3)","decl":{"start":{"line":14,"column":27},"end":{"line":14,"column":28}},"loc":{"start":{"line":14,"column":38},"end":{"line":19,"column":5}},"line":14},"4":{"name":"(anonymous_4)","decl":{"start":{"line":17,"column":18},"end":{"line":17,"column":19}},"loc":{"start":{"line":17,"column":30},"end":{"line":17,"column":55}},"line":17},"5":{"name":"(anonymous_5)","decl":{"start":{"line":21,"column":14},"end":{"line":21,"column":15}},"loc":{"start":{"line":21,"column":19},"end":{"line":29,"column":5}},"line":21},"6":{"name":"(anonymous_6)","decl":{"start":{"line":22,"column":37},"end":{"line":22,"column":38}},"loc":{"start":{"line":22,"column":43},"end":{"line":24,"column":9}},"line":22},"7":{"name":"(anonymous_7)","decl":{"start":{"line":26,"column":15},"end":{"line":26,"column":16}},"loc":{"start":{"line":26,"column":21},"end":{"line":28,"column":9}},"line":26}},"branchMap":{"0":{"loc":{"start":{"line":34,"column":13},"end":{"line":34,"column":98}},"type":"cond-expr","locations":[{"start":{"line":34,"column":28},"end":{"line":34,"column":91}},{"start":{"line":34,"column":94},"end":{"line":34,"column":98}}],"line":34}},"s":{"0":0,"1":0,"2":0,"3":0,"4":0,"5":0,"6":0,"7":0,"8":0,"9":0,"10":0,"11":0,"12":0,"13":0,"14":0,"15":0,"16":0,"17":0,"18":0},"f":{"0":0,"1":0,"2":0,"3":0,"4":0,"5":0,"6":0,"7":0},"b":{"0":[0,0]}}
,"C:\\Users\\Xiao Huoguo\\WebstormProjects\\bloglist-frontend\\src\\components\\Login.js": {"path":"C:\\Users\\Xiao Huoguo\\WebstormProjects\\bloglist-frontend\\src\\components\\Login.js","statementMap":{"0":{"start":{"line":4,"column":14},"end":{"line":63,"column":1}},"1":{"start":{"line":5,"column":32},"end":{"line":5,"column":44}},"2":{"start":{"line":6,"column":30},"end":{"line":6,"column":45}},"3":{"start":{"line":8,"column":25},"end":{"line":18,"column":5}},"4":{"start":{"line":9,"column":8},"end":{"line":9,"column":30}},"5":{"start":{"line":10,"column":8},"end":{"line":17,"column":41}},"6":{"start":{"line":12,"column":16},"end":{"line":12,"column":38}},"7":{"start":{"line":13,"column":16},"end":{"line":13,"column":45}},"8":{"start":{"line":14,"column":16},"end":{"line":14,"column":60}},"9":{"start":{"line":15,"column":16},"end":{"line":15,"column":67}},"10":{"start":{"line":17,"column":26},"end":{"line":17,"column":40}},"11":{"start":{"line":20,"column":25},"end":{"line":24,"column":5}},"12":{"start":{"line":21,"column":21},"end":{"line":21,"column":38}},"13":{"start":{"line":22,"column":22},"end":{"line":22,"column":40}},"14":{"start":{"line":23,"column":8},"end":{"line":23,"column":57}},"15":{"start":{"line":23,"column":29},"end":{"line":23,"column":55}},"16":{"start":{"line":26,"column":4},"end":{"line":34,"column":14}},"17":{"start":{"line":27,"column":26},"end":{"line":29,"column":16}},"18":{"start":{"line":28,"column":12},"end":{"line":28,"column":28}},"19":{"start":{"line":31,"column":8},"end":{"line":33,"column":10}},"20":{"start":{"line":32,"column":12},"end":{"line":32,"column":36}},"21":{"start":{"line":36,"column":4},"end":{"line":62,"column":6}}},"fnMap":{"0":{"name":"(anonymous_0)","decl":{"start":{"line":4,"column":14},"end":{"line":4,"column":15}},"loc":{"start":{"line":4,"column":25},"end":{"line":63,"column":1}},"line":4},"1":{"name":"(anonymous_1)","decl":{"start":{"line":8,"column":25},"end":{"line":8,"column":26}},"loc":{"start":{"line":8,"column":36},"end":{"line":18,"column":5}},"line":8},"2":{"name":"(anonymous_2)","decl":{"start":{"line":11,"column":18},"end":{"line":11,"column":19}},"loc":{"start":{"line":11,"column":23},"end":{"line":16,"column":17}},"line":11},"3":{"name":"(anonymous_3)","decl":{"start":{"line":17,"column":19},"end":{"line":17,"column":20}},"loc":{"start":{"line":17,"column":26},"end":{"line":17,"column":40}},"line":17},"4":{"name":"(anonymous_4)","decl":{"start":{"line":20,"column":25},"end":{"line":20,"column":26}},"loc":{"start":{"line":20,"column":36},"end":{"line":24,"column":5}},"line":20},"5":{"name":"(anonymous_5)","decl":{"start":{"line":23,"column":18},"end":{"line":23,"column":19}},"loc":{"start":{"line":23,"column":29},"end":{"line":23,"column":55}},"line":23},"6":{"name":"(anonymous_6)","decl":{"start":{"line":26,"column":14},"end":{"line":26,"column":15}},"loc":{"start":{"line":26,"column":19},"end":{"line":34,"column":5}},"line":26},"7":{"name":"(anonymous_7)","decl":{"start":{"line":27,"column":37},"end":{"line":27,"column":38}},"loc":{"start":{"line":27,"column":43},"end":{"line":29,"column":9}},"line":27},"8":{"name":"(anonymous_8)","decl":{"start":{"line":31,"column":15},"end":{"line":31,"column":16}},"loc":{"start":{"line":31,"column":21},"end":{"line":33,"column":9}},"line":31}},"branchMap":{"0":{"loc":{"start":{"line":39,"column":13},"end":{"line":41,"column":23}},"type":"cond-expr","locations":[{"start":{"line":40,"column":19},"end":{"line":40,"column":96}},{"start":{"line":41,"column":19},"end":{"line":41,"column":23}}],"line":39}},"s":{"0":0,"1":0,"2":0,"3":0,"4":0,"5":0,"6":0,"7":0,"8":0,"9":0,"10":0,"11":0,"12":0,"13":0,"14":0,"15":0,"16":0,"17":0,"18":0,"19":0,"20":0,"21":0},"f":{"0":0,"1":0,"2":0,"3":0,"4":0,"5":0,"6":0,"7":0,"8":0},"b":{"0":[0,0]}}
,"C:\\Users\\Xiao Huoguo\\WebstormProjects\\bloglist-frontend\\src\\components\\Toggleable.js": {"path":"C:\\Users\\Xiao Huoguo\\WebstormProjects\\bloglist-frontend\\src\\components\\Toggleable.js","statementMap":{"0":{"start":{"line":4,"column":19},"end":{"line":26,"column":2}},"1":{"start":{"line":6,"column":34},"end":{"line":6,"column":49}},"2":{"start":{"line":8,"column":28},"end":{"line":8,"column":61}},"3":{"start":{"line":9,"column":28},"end":{"line":9,"column":61}},"4":{"start":{"line":11,"column":28},"end":{"line":13,"column":5}},"5":{"start":{"line":12,"column":8},"end":{"line":12,"column":28}},"6":{"start":{"line":15,"column":4},"end":{"line":26,"column":1}},"7":{"start":{"line":28,"column":0},"end":{"line":30,"column":1}}},"fnMap":{"0":{"name":"(anonymous_0)","decl":{"start":{"line":4,"column":19},"end":{"line":4,"column":20}},"loc":{"start":{"line":4,"column":30},"end":{"line":26,"column":2}},"line":4},"1":{"name":"(anonymous_1)","decl":{"start":{"line":11,"column":28},"end":{"line":11,"column":29}},"loc":{"start":{"line":11,"column":34},"end":{"line":13,"column":5}},"line":11}},"branchMap":{"0":{"loc":{"start":{"line":8,"column":39},"end":{"line":8,"column":60}},"type":"cond-expr","locations":[{"start":{"line":8,"column":49},"end":{"line":8,"column":55}},{"start":{"line":8,"column":58},"end":{"line":8,"column":60}}],"line":8},"1":{"loc":{"start":{"line":9,"column":39},"end":{"line":9,"column":60}},"type":"cond-expr","locations":[{"start":{"line":9,"column":49},"end":{"line":9,"column":51}},{"start":{"line":9,"column":54},"end":{"line":9,"column":60}}],"line":9}},"s":{"0":1,"1":1,"2":1,"3":1,"4":1,"5":0,"6":1,"7":1},"f":{"0":1,"1":0},"b":{"0":[0,1],"1":[0,1]},"_coverageSchema":"1a1c01bbd47fc00a2c39e90264f33305004495a9","hash":"fdda8084d19f22fd450ca490d67f51147f38f8db"}
,"C:\\Users\\Xiao Huoguo\\WebstormProjects\\bloglist-frontend\\src\\services\\blogs.js": {"path":"C:\\Users\\Xiao Huoguo\\WebstormProjects\\bloglist-frontend\\src\\services\\blogs.js","statementMap":{"0":{"start":{"line":2,"column":16},"end":{"line":2,"column":28}},"1":{"start":{"line":4,"column":12},"end":{"line":4,"column":16}},"2":{"start":{"line":6,"column":17},"end":{"line":8,"column":1}},"3":{"start":{"line":7,"column":2},"end":{"line":7,"column":30}},"4":{"start":{"line":10,"column":15},"end":{"line":13,"column":1}},"5":{"start":{"line":11,"column":18},"end":{"line":11,"column":36}},"6":{"start":{"line":12,"column":2},"end":{"line":12,"column":48}},"7":{"start":{"line":12,"column":34},"end":{"line":12,"column":47}},"8":{"start":{"line":15,"column":15},"end":{"line":22,"column":1}},"9":{"start":{"line":16,"column":17},"end":{"line":18,"column":3}},"10":{"start":{"line":20,"column":18},"end":{"line":20,"column":54}},"11":{"start":{"line":21,"column":2},"end":{"line":21,"column":48}},"12":{"start":{"line":21,"column":34},"end":{"line":21,"column":47}},"13":{"start":{"line":24,"column":15},"end":{"line":32,"column":1}},"14":{"start":{"line":26,"column":22},"end":{"line":26,"column":48}},"15":{"start":{"line":28,"column":2},"end":{"line":28,"column":36}},"16":{"start":{"line":29,"column":18},"end":{"line":29,"column":49}},"17":{"start":{"line":31,"column":2},"end":{"line":31,"column":38}},"18":{"start":{"line":31,"column":29},"end":{"line":31,"column":37}},"19":{"start":{"line":34,"column":19},"end":{"line":41,"column":1}},"20":{"start":{"line":36,"column":22},"end":{"line":36,"column":48}},"21":{"start":{"line":37,"column":18},"end":{"line":37,"column":43}},"22":{"start":{"line":39,"column":2},"end":{"line":39,"column":38}},"23":{"start":{"line":39,"column":29},"end":{"line":39,"column":37}}},"fnMap":{"0":{"name":"(anonymous_0)","decl":{"start":{"line":6,"column":17},"end":{"line":6,"column":18}},"loc":{"start":{"line":6,"column":29},"end":{"line":8,"column":1}},"line":6},"1":{"name":"(anonymous_1)","decl":{"start":{"line":10,"column":15},"end":{"line":10,"column":16}},"loc":{"start":{"line":10,"column":21},"end":{"line":13,"column":1}},"line":10},"2":{"name":"(anonymous_2)","decl":{"start":{"line":12,"column":22},"end":{"line":12,"column":23}},"loc":{"start":{"line":12,"column":34},"end":{"line":12,"column":47}},"line":12},"3":{"name":"(anonymous_3)","decl":{"start":{"line":15,"column":15},"end":{"line":15,"column":16}},"loc":{"start":{"line":15,"column":28},"end":{"line":22,"column":1}},"line":15},"4":{"name":"(anonymous_4)","decl":{"start":{"line":21,"column":22},"end":{"line":21,"column":23}},"loc":{"start":{"line":21,"column":34},"end":{"line":21,"column":47}},"line":21},"5":{"name":"(anonymous_5)","decl":{"start":{"line":24,"column":15},"end":{"line":24,"column":16}},"loc":{"start":{"line":24,"column":28},"end":{"line":32,"column":1}},"line":24},"6":{"name":"(anonymous_6)","decl":{"start":{"line":31,"column":22},"end":{"line":31,"column":23}},"loc":{"start":{"line":31,"column":29},"end":{"line":31,"column":37}},"line":31},"7":{"name":"(anonymous_7)","decl":{"start":{"line":34,"column":19},"end":{"line":34,"column":20}},"loc":{"start":{"line":34,"column":32},"end":{"line":41,"column":1}},"line":34},"8":{"name":"(anonymous_8)","decl":{"start":{"line":39,"column":22},"end":{"line":39,"column":23}},"loc":{"start":{"line":39,"column":29},"end":{"line":39,"column":37}},"line":39}},"branchMap":{},"s":{"0":1,"1":1,"2":1,"3":0,"4":1,"5":0,"6":0,"7":0,"8":1,"9":0,"10":0,"11":0,"12":0,"13":1,"14":0,"15":0,"16":0,"17":0,"18":0,"19":1,"20":0,"21":0,"22":0,"23":0},"f":{"0":0,"1":0,"2":0,"3":0,"4":0,"5":0,"6":0,"7":0,"8":0},"b":{},"_coverageSchema":"1a1c01bbd47fc00a2c39e90264f33305004495a9","hash":"d2c9bbfb0f33e9b48dfd0ccdea6a3cf28430b00f"}
,"C:\\Users\\Xiao Huoguo\\WebstormProjects\\bloglist-frontend\\src\\services\\login.js": {"path":"C:\\Users\\Xiao Huoguo\\WebstormProjects\\bloglist-frontend\\src\\services\\login.js","statementMap":{"0":{"start":{"line":2,"column":16},"end":{"line":2,"column":28}},"1":{"start":{"line":4,"column":14},"end":{"line":7,"column":1}},"2":{"start":{"line":5,"column":20},"end":{"line":5,"column":52}},"3":{"start":{"line":6,"column":4},"end":{"line":6,"column":50}},"4":{"start":{"line":6,"column":36},"end":{"line":6,"column":49}}},"fnMap":{"0":{"name":"(anonymous_0)","decl":{"start":{"line":4,"column":14},"end":{"line":4,"column":15}},"loc":{"start":{"line":4,"column":37},"end":{"line":7,"column":1}},"line":4},"1":{"name":"(anonymous_1)","decl":{"start":{"line":6,"column":24},"end":{"line":6,"column":25}},"loc":{"start":{"line":6,"column":36},"end":{"line":6,"column":49}},"line":6}},"branchMap":{},"s":{"0":0,"1":0,"2":0,"3":0,"4":0},"f":{"0":0,"1":0},"b":{}}
}
